<?xml version="1.0" encoding="UTF-8"?>
<testsuite name="com.dio.projetoControleAcesso.ProjetoControleDeAcessoApplicationTests" tests="1" skipped="0" failures="0" errors="0" timestamp="2021-08-11T00:35:02" hostname="LAPTOP-U9KPP1HE" time="0.252">
  <properties/>
  <testcase name="contextLoads()" classname="com.dio.projetoControleAcesso.ProjetoControleDeAcessoApplicationTests" time="0.252"/>
  <system-out><![CDATA[21:34:57.033 [Test worker] DEBUG org.springframework.test.context.BootstrapUtils - Instantiating CacheAwareContextLoaderDelegate from class [org.springframework.test.context.cache.DefaultCacheAwareContextLoaderDelegate]
21:34:57.038 [Test worker] DEBUG org.springframework.test.context.BootstrapUtils - Instantiating BootstrapContext using constructor [public org.springframework.test.context.support.DefaultBootstrapContext(java.lang.Class,org.springframework.test.context.CacheAwareContextLoaderDelegate)]
21:34:57.067 [Test worker] DEBUG org.springframework.test.context.BootstrapUtils - Instantiating TestContextBootstrapper for test class [com.dio.projetoControleAcesso.ProjetoControleDeAcessoApplicationTests] from class [org.springframework.boot.test.context.SpringBootTestContextBootstrapper]
21:34:57.067 [Test worker] INFO org.springframework.boot.test.context.SpringBootTestContextBootstrapper - Neither @ContextConfiguration nor @ContextHierarchy found for test class [com.dio.projetoControleAcesso.ProjetoControleDeAcessoApplicationTests], using SpringBootContextLoader
21:34:57.077 [Test worker] DEBUG org.springframework.test.context.support.AbstractContextLoader - Did not detect default resource location for test class [com.dio.projetoControleAcesso.ProjetoControleDeAcessoApplicationTests]: class path resource [com/dio/projetoControleAcesso/ProjetoControleDeAcessoApplicationTests-context.xml] does not exist
21:34:57.077 [Test worker] DEBUG org.springframework.test.context.support.AbstractContextLoader - Did not detect default resource location for test class [com.dio.projetoControleAcesso.ProjetoControleDeAcessoApplicationTests]: class path resource [com/dio/projetoControleAcesso/ProjetoControleDeAcessoApplicationTestsContext.groovy] does not exist
21:34:57.077 [Test worker] INFO org.springframework.test.context.support.AbstractContextLoader - Could not detect default resource locations for test class [com.dio.projetoControleAcesso.ProjetoControleDeAcessoApplicationTests]: no resource found for suffixes {-context.xml, Context.groovy}.
21:34:57.077 [Test worker] INFO org.springframework.test.context.support.AnnotationConfigContextLoaderUtils - Could not detect default configuration classes for test class [com.dio.projetoControleAcesso.ProjetoControleDeAcessoApplicationTests]: ProjetoControleDeAcessoApplicationTests does not declare any static, non-private, non-final, nested classes annotated with @Configuration.
21:34:57.108 [Test worker] DEBUG org.springframework.test.context.support.ActiveProfilesUtils - Could not find an 'annotation declaring class' for annotation type [org.springframework.test.context.ActiveProfiles] and class [com.dio.projetoControleAcesso.ProjetoControleDeAcessoApplicationTests]
21:34:57.138 [Test worker] DEBUG org.springframework.context.annotation.ClassPathScanningCandidateComponentProvider - Identified candidate component class: file [C:\Users\wilin\Desktop\exercicios_dio\java\projetoControleAcesso\build\classes\java\main\com\dio\projetoControleAcesso\ProjetoControleAcessoApplication.class]
21:34:57.148 [Test worker] INFO org.springframework.boot.test.context.SpringBootTestContextBootstrapper - Found @SpringBootConfiguration com.dio.projetoControleAcesso.ProjetoControleAcessoApplication for test class com.dio.projetoControleAcesso.ProjetoControleDeAcessoApplicationTests
21:34:57.218 [Test worker] DEBUG org.springframework.boot.test.context.SpringBootTestContextBootstrapper - @TestExecutionListeners is not present for class [com.dio.projetoControleAcesso.ProjetoControleDeAcessoApplicationTests]: using defaults.
21:34:57.228 [Test worker] INFO org.springframework.boot.test.context.SpringBootTestContextBootstrapper - Loaded default TestExecutionListener class names from location [META-INF/spring.factories]: [org.springframework.boot.test.autoconfigure.restdocs.RestDocsTestExecutionListener, org.springframework.boot.test.autoconfigure.web.client.MockRestServiceServerResetTestExecutionListener, org.springframework.boot.test.autoconfigure.web.servlet.MockMvcPrintOnlyOnFailureTestExecutionListener, org.springframework.boot.test.autoconfigure.web.servlet.WebDriverTestExecutionListener, org.springframework.boot.test.autoconfigure.webservices.client.MockWebServiceServerTestExecutionListener, org.springframework.boot.test.mock.mockito.MockitoTestExecutionListener, org.springframework.boot.test.mock.mockito.ResetMocksTestExecutionListener, org.springframework.test.context.web.ServletTestExecutionListener, org.springframework.test.context.support.DirtiesContextBeforeModesTestExecutionListener, org.springframework.test.context.event.ApplicationEventsTestExecutionListener, org.springframework.test.context.support.DependencyInjectionTestExecutionListener, org.springframework.test.context.support.DirtiesContextTestExecutionListener, org.springframework.test.context.transaction.TransactionalTestExecutionListener, org.springframework.test.context.jdbc.SqlScriptsTestExecutionListener, org.springframework.test.context.event.EventPublishingTestExecutionListener]
21:34:57.238 [Test worker] INFO org.springframework.boot.test.context.SpringBootTestContextBootstrapper - Using TestExecutionListeners: [org.springframework.test.context.web.ServletTestExecutionListener@48462532, org.springframework.test.context.support.DirtiesContextBeforeModesTestExecutionListener@287a0935, org.springframework.test.context.event.ApplicationEventsTestExecutionListener@259bf97f, org.springframework.boot.test.mock.mockito.MockitoTestExecutionListener@563d0733, org.springframework.boot.test.autoconfigure.SpringBootDependencyInjectionTestExecutionListener@2f2bc773, org.springframework.test.context.support.DirtiesContextTestExecutionListener@57604002, org.springframework.test.context.transaction.TransactionalTestExecutionListener@2d4a0b90, org.springframework.test.context.jdbc.SqlScriptsTestExecutionListener@13708595, org.springframework.test.context.event.EventPublishingTestExecutionListener@6291d8d7, org.springframework.boot.test.autoconfigure.restdocs.RestDocsTestExecutionListener@3724e4d7, org.springframework.boot.test.autoconfigure.web.client.MockRestServiceServerResetTestExecutionListener@4acf6f28, org.springframework.boot.test.autoconfigure.web.servlet.MockMvcPrintOnlyOnFailureTestExecutionListener@5d8417c9, org.springframework.boot.test.autoconfigure.web.servlet.WebDriverTestExecutionListener@313f2bce, org.springframework.boot.test.autoconfigure.webservices.client.MockWebServiceServerTestExecutionListener@21ad6362, org.springframework.boot.test.mock.mockito.ResetMocksTestExecutionListener@102afe50]
21:34:57.253 [Test worker] DEBUG org.springframework.test.context.support.AbstractDirtiesContextTestExecutionListener - Before test class: context [DefaultTestContext@4f4eae76 testClass = ProjetoControleDeAcessoApplicationTests, testInstance = [null], testMethod = [null], testException = [null], mergedContextConfiguration = [WebMergedContextConfiguration@15823ad4 testClass = ProjetoControleDeAcessoApplicationTests, locations = '{}', classes = '{class com.dio.projetoControleAcesso.ProjetoControleAcessoApplication}', contextInitializerClasses = '[]', activeProfiles = '{}', propertySourceLocations = '{}', propertySourceProperties = '{org.springframework.boot.test.context.SpringBootTestContextBootstrapper=true}', contextCustomizers = set[org.springframework.boot.test.autoconfigure.actuate.metrics.MetricsExportContextCustomizerFactory$DisableMetricExportContextCustomizer@4f21d0fa, org.springframework.boot.test.autoconfigure.properties.PropertyMappingContextCustomizer@0, org.springframework.boot.test.autoconfigure.web.servlet.WebDriverContextCustomizerFactory$Customizer@452e5bd8, org.springframework.boot.test.context.filter.ExcludeFilterContextCustomizer@34645240, org.springframework.boot.test.json.DuplicateJsonObjectContextCustomizerFactory$DuplicateJsonObjectContextCustomizer@66c59355, org.springframework.boot.test.mock.mockito.MockitoContextCustomizer@0, org.springframework.boot.test.web.client.TestRestTemplateContextCustomizer@6a30a329, org.springframework.boot.test.context.SpringBootTestArgs@1, org.springframework.boot.test.context.SpringBootTestWebEnvironment@5485847e], resourceBasePath = 'src/main/webapp', contextLoader = 'org.springframework.boot.test.context.SpringBootContextLoader', parent = [null]], attributes = map['org.springframework.test.context.web.ServletTestExecutionListener.activateListener' -> true]], class annotated with @DirtiesContext [false] with mode [null].
21:34:57.270 [Test worker] DEBUG org.springframework.test.context.support.TestPropertySourceUtils - Adding inlined properties to environment: {spring.jmx.enabled=false, org.springframework.boot.test.context.SpringBootTestContextBootstrapper=true}

  .   ____          _            __ _ _
 /\\ / ___'_ __ _ _(_)_ __  __ _ \ \ \ \
( ( )\___ | '_ | '_| | '_ \/ _` | \ \ \ \
 \\/  ___)| |_)| | | | | || (_| |  ) ) ) )
  '  |____| .__|_| |_|_| |_\__, | / / / /
 =========|_|==============|___/=/_/_/_/
 :: Spring Boot ::                (v2.5.3)

2021-08-10 21:34:57.458  INFO 9580 --- [    Test worker] .ProjetoControleDeAcessoApplicationTests : Starting ProjetoControleDeAcessoApplicationTests using Java 16.0.1 on LAPTOP-U9KPP1HE with PID 9580 (started by wilin in C:\Users\wilin\Desktop\exercicios_dio\java\projetoControleAcesso)
2021-08-10 21:34:57.458  INFO 9580 --- [    Test worker] .ProjetoControleDeAcessoApplicationTests : No active profile set, falling back to default profiles: default
2021-08-10 21:34:58.233  INFO 9580 --- [    Test worker] .s.d.r.c.RepositoryConfigurationDelegate : Bootstrapping Spring Data JPA repositories in DEFAULT mode.
2021-08-10 21:34:58.278  INFO 9580 --- [    Test worker] .s.d.r.c.RepositoryConfigurationDelegate : Finished Spring Data repository scanning in 45 ms. Found 1 JPA repository interfaces.
2021-08-10 21:34:58.783  INFO 9580 --- [    Test worker] o.hibernate.jpa.internal.util.LogHelper  : HHH000204: Processing PersistenceUnitInfo [name: default]
2021-08-10 21:34:58.860  INFO 9580 --- [    Test worker] org.hibernate.Version                    : HHH000412: Hibernate ORM core version 5.4.32.Final
2021-08-10 21:34:59.038  INFO 9580 --- [    Test worker] o.hibernate.annotations.common.Version   : HCANN000001: Hibernate Commons Annotations {5.1.2.Final}
2021-08-10 21:34:59.127  INFO 9580 --- [    Test worker] com.zaxxer.hikari.HikariDataSource       : HikariPool-1 - Starting...
2021-08-10 21:34:59.298  INFO 9580 --- [    Test worker] com.zaxxer.hikari.HikariDataSource       : HikariPool-1 - Start completed.
2021-08-10 21:34:59.337  INFO 9580 --- [    Test worker] org.hibernate.dialect.Dialect            : HHH000400: Using dialect: org.hibernate.dialect.H2Dialect
2021-08-10 21:34:59.409  INFO 9580 --- [    Test worker] o.h.e.boot.internal.EnversServiceImpl    : Envers integration enabled? : true
2021-08-10 21:35:00.297  INFO 9580 --- [    Test worker] org.hibernate.tuple.PojoInstantiator     : HHH000182: No default (no-argument) constructor for class: com.dio.projetoControleAcesso.model.Movimentacao$MovimentacaoId (class must be instantiated by Interceptor)
2021-08-10 21:35:00.297  INFO 9580 --- [    Test worker] org.hibernate.tuple.PojoInstantiator     : HHH000182: No default (no-argument) constructor for class: com.dio.projetoControleAcesso.model.BancoHoras$BancoHorasId (class must be instantiated by Interceptor)
Hibernate: create table banco_horas (id_banco_horas bigint not null, id_movimentacao bigint not null, id_usuario bigint not null, data_trabalhada timestamp, quantidade_horas decimal(19,2), saldo_horas decimal(19,2), primary key (id_banco_horas, id_movimentacao, id_usuario))
Hibernate: create table calendario (id bigint not null, data_especial timestamp, descricao varchar(255), tipo_data_id bigint, primary key (id))
Hibernate: create table categoria_usuario_aud (id bigint not null, rev integer not null, revtype tinyint, descricao varchar(255), primary key (id, rev))
Hibernate: create table categoria_usuario (id bigint not null, descricao varchar(255), primary key (id))
Hibernate: create table empresa (id bigint not null, bairro varchar(255), cidade varchar(255), cnpj varchar(255), descricao varchar(255), endereco varchar(255), estado varchar(255), telefone varchar(255), primary key (id))
Hibernate: create table empresa_aud (id bigint not null, rev integer not null, revtype tinyint, bairro varchar(255), cidade varchar(255), cnpj varchar(255), descricao varchar(255), endereco varchar(255), estado varchar(255), telefone varchar(255), primary key (id, rev))
Hibernate: create table jornada_trabalho_aud (id bigint not null, rev integer not null, revtype tinyint, descricao varchar(255), primary key (id, rev))
Hibernate: create table jornada_trabalho (id bigint not null, descricao varchar(255), primary key (id))
Hibernate: create table localidade (id bigint not null, descricao varchar(255), nivel_acesso_id bigint, primary key (id))
Hibernate: create table movimentacao (id_movimento bigint not null, id_usuario bigint not null, data_entrada timestamp, data_saida timestamp, periodo decimal(19,2), calendario_id bigint, ocorrencia_id bigint, primary key (id_movimento, id_usuario))
Hibernate: create table nivel_acesso_aud (id bigint not null, rev integer not null, revtype tinyint, descricao varchar(255), primary key (id, rev))
Hibernate: create table nivel_acesso (id bigint not null, descricao varchar(255), primary key (id))
Hibernate: create table ocorrencia (id bigint not null, descricao varchar(255), nome varchar(255), primary key (id))
Hibernate: create table revinfo (rev integer generated by default as identity, revtstmp bigint, primary key (rev))
Hibernate: create table tipo_data (id bigint not null, descricao varchar(255), primary key (id))
Hibernate: create table usuario (id bigint not null, final_jornada timestamp, inicio_jornada timestamp, nome varchar(255), tolerancia decimal(19,2), categoria_usuario_id bigint, empresa_id bigint, jornada_trabalho_id bigint, nivel_acesso_id bigint, primary key (id))
Hibernate: create table usuario_aud (id bigint not null, rev integer not null, revtype tinyint, final_jornada timestamp, inicio_jornada timestamp, nome varchar(255), tolerancia decimal(19,2), categoria_usuario_id bigint, empresa_id bigint, jornada_trabalho_id bigint, nivel_acesso_id bigint, primary key (id, rev))
Hibernate: create sequence hibernate_sequence start with 1 increment by 1
Hibernate: alter table calendario add constraint FKtrfr83cshc4firl3ks2vbnxnf foreign key (tipo_data_id) references tipo_data
Hibernate: alter table categoria_usuario_aud add constraint FKhr5cdper3kboo6uj0f695pfx7 foreign key (rev) references revinfo
Hibernate: alter table empresa_aud add constraint FKohkjui27otydhfgrvfbu7se33 foreign key (rev) references revinfo
Hibernate: alter table jornada_trabalho_aud add constraint FK8x1cyx4kp5udh4a4qffixdhql foreign key (rev) references revinfo
Hibernate: alter table localidade add constraint FK8r7t66uf1xt6tu3qm0110p66g foreign key (nivel_acesso_id) references nivel_acesso
Hibernate: alter table movimentacao add constraint FKqxp1rtpb7set9gu2gao9o4hax foreign key (calendario_id) references calendario
Hibernate: alter table movimentacao add constraint FKk5207rg9xqeoi4gmcnedhq9hu foreign key (ocorrencia_id) references ocorrencia
Hibernate: alter table nivel_acesso_aud add constraint FKf86r6xtgaw0s1r962empu78xm foreign key (rev) references revinfo
Hibernate: alter table usuario add constraint FKasruenbubu5fdwa3jwm1rg10n foreign key (categoria_usuario_id) references categoria_usuario
Hibernate: alter table usuario add constraint FK87ckfs30l64gnivnfk7ywp8l6 foreign key (empresa_id) references empresa
Hibernate: alter table usuario add constraint FKrgp0fiskerixx4kqklprj32hp foreign key (jornada_trabalho_id) references jornada_trabalho
Hibernate: alter table usuario add constraint FKdm7a389nh8aw5j133l5ffsswr foreign key (nivel_acesso_id) references nivel_acesso
Hibernate: alter table usuario_aud add constraint FK74gdm3bhlqa3diq16ouihfq6e foreign key (rev) references revinfo
2021-08-10 21:35:00.798  INFO 9580 --- [    Test worker] o.h.e.t.j.p.i.JtaPlatformInitiator       : HHH000490: Using JtaPlatform implementation: [org.hibernate.engine.transaction.jta.platform.internal.NoJtaPlatform]
2021-08-10 21:35:00.808  INFO 9580 --- [    Test worker] j.LocalContainerEntityManagerFactoryBean : Initialized JPA EntityManagerFactory for persistence unit 'default'
2021-08-10 21:35:01.398  WARN 9580 --- [    Test worker] JpaBaseConfiguration$JpaWebConfiguration : spring.jpa.open-in-view is enabled by default. Therefore, database queries may be performed during view rendering. Explicitly configure spring.jpa.open-in-view to disable this warning
2021-08-10 21:35:01.472  INFO 9580 --- [    Test worker] o.s.b.a.h2.H2ConsoleAutoConfiguration    : H2 console available at '/h2'. Database available at 'jdbc:h2:mem:a9bc6687-7437-4fb1-a4ae-8042b6492805'
2021-08-10 21:35:02.335  INFO 9580 --- [    Test worker] .ProjetoControleDeAcessoApplicationTests : Started ProjetoControleDeAcessoApplicationTests in 5.053 seconds (JVM running for 5.92)
]]></system-out>
  <system-err><![CDATA[]]></system-err>
</testsuite>
